WARNING: A terminally deprecated method in sun.misc.Unsafe has been called
WARNING: sun.misc.Unsafe::staticFieldBase has been called by com.google.inject.internal.aop.HiddenClassDefiner (file:/C:/Users/arulr/.m2/wrapper/dists/apache-maven-3.9.11/03d7e36a140982eea48e22c1dcac01d8862b2550b2939e09a0809bbc5182a5bc/lib/guice-5.1.0-classes.jar)
WARNING: Please consider reporting this to the maintainers of class com.google.inject.internal.aop.HiddenClassDefiner
WARNING: sun.misc.Unsafe::staticFieldBase will be removed in a future release
[INFO] Scanning for projects...
[WARNING] 
[WARNING] Some problems were encountered while building the effective model for com.smart:procurement1:jar:0.0.1-SNAPSHOT
[WARNING] 'dependencies.dependency.(groupId:artifactId:type:classifier)' must be unique: org.projectlombok:lombok:jar -> version 1.18.42 vs (?) @ line 72, column 15
[WARNING] 
[WARNING] It is highly recommended to fix these problems because they threaten the stability of your build.
[WARNING] 
[WARNING] For this reason, future Maven versions might no longer support building such malformed projects.
[WARNING] 
[INFO] 
[INFO] -----------------------< com.smart:procurement1 >-----------------------
[INFO] Building procurement1 0.0.1-SNAPSHOT
[INFO]   from pom.xml
[INFO] --------------------------------[ jar ]---------------------------------
[INFO] 
[INFO] >>> spring-boot:4.0.0:run (default-cli) > test-compile @ procurement1 >>>
[INFO] 
[INFO] --- resources:3.3.1:resources (default-resources) @ procurement1 ---
[INFO] Copying 1 resource from src\main\resources to target\classes
[INFO] Copying 1 resource from src\main\resources to target\classes
[INFO] 
[INFO] --- compiler:3.14.1:compile (default-compile) @ procurement1 ---
[INFO] Nothing to compile - all classes are up to date.
[INFO] 
[INFO] --- resources:3.3.1:testResources (default-testResources) @ procurement1 ---
[INFO] skip non existing resourceDirectory D:\Smart_procurement\smart-backends\procurement1\src\test\resources
[INFO] 
[INFO] --- compiler:3.14.1:testCompile (default-testCompile) @ procurement1 ---
[INFO] Nothing to compile - all classes are up to date.
[INFO] 
[INFO] <<< spring-boot:4.0.0:run (default-cli) < test-compile @ procurement1 <<<
[INFO] 
[INFO] 
[INFO] --- spring-boot:4.0.0:run (default-cli) @ procurement1 ---
[INFO] Attaching agents: []

  .   ____          _            __ _ _
 /\\ / ___'_ __ _ _(_)_ __  __ _ \ \ \ \
( ( )\___ | '_ | '_| | '_ \/ _` | \ \ \ \
 \\/  ___)| |_)| | | | | || (_| |  ) ) ) )
  '  |____| .__|_| |_|_| |_\__, | / / / /
 =========|_|==============|___/=/_/_/_/

 :: Spring Boot ::                (v4.0.0)

2026-01-20T09:15:57.662+05:30  INFO 19104 --- [           main] c.s.p.Procurement1Application            : Starting Procurement1Application using Java 25.0.1 with PID 19104 (D:\Smart_procurement\smart-backends\procurement1\target\classes started by arulr in D:\Smart_procurement\smart-backends\procurement1)
2026-01-20T09:15:57.664+05:30  INFO 19104 --- [           main] c.s.p.Procurement1Application            : No active profile set, falling back to 1 default profile: "default"
2026-01-20T09:15:58.153+05:30  INFO 19104 --- [           main] .s.d.r.c.RepositoryConfigurationDelegate : Bootstrapping Spring Data JPA repositories in DEFAULT mode.
2026-01-20T09:15:58.196+05:30  INFO 19104 --- [           main] .s.d.r.c.RepositoryConfigurationDelegate : Finished Spring Data repository scanning in 37 ms. Found 3 JPA repository interfaces.
2026-01-20T09:15:58.600+05:30  INFO 19104 --- [           main] o.s.boot.tomcat.TomcatWebServer          : Tomcat initialized with port 8080 (http)
2026-01-20T09:15:58.610+05:30  INFO 19104 --- [           main] o.apache.catalina.core.StandardService   : Starting service [Tomcat]
2026-01-20T09:15:58.611+05:30  INFO 19104 --- [           main] o.apache.catalina.core.StandardEngine    : Starting Servlet engine: [Apache Tomcat/11.0.14]
2026-01-20T09:15:58.658+05:30  INFO 19104 --- [           main] b.w.c.s.WebApplicationContextInitializer : Root WebApplicationContext: initialization completed in 959 ms
2026-01-20T09:15:58.770+05:30  INFO 19104 --- [           main] o.hibernate.jpa.internal.util.LogHelper  : HHH000204: Processing PersistenceUnitInfo [name: default]
2026-01-20T09:15:58.803+05:30  INFO 19104 --- [           main] org.hibernate.Version                    : HHH000412: Hibernate ORM core version 7.1.8.Final
2026-01-20T09:15:59.141+05:30  INFO 19104 --- [           main] o.s.o.j.p.SpringPersistenceUnitInfo      : No LoadTimeWeaver setup: ignoring JPA class transformer
2026-01-20T09:15:59.167+05:30  INFO 19104 --- [           main] com.zaxxer.hikari.HikariDataSource       : HikariPool-1 - Starting...
2026-01-20T09:16:01.522+05:30  INFO 19104 --- [           main] com.zaxxer.hikari.pool.HikariPool        : HikariPool-1 - Added connection com.mysql.cj.jdbc.ConnectionImpl@1425e531
2026-01-20T09:16:01.523+05:30  INFO 19104 --- [           main] com.zaxxer.hikari.HikariDataSource       : HikariPool-1 - Start completed.
2026-01-20T09:16:01.883+05:30  WARN 19104 --- [           main] org.hibernate.orm.deprecation            : HHH90000025: MySQLDialect does not need to be specified explicitly using 'hibernate.dialect' (remove the property setting and it will be selected by default)
2026-01-20T09:16:02.007+05:30  INFO 19104 --- [           main] org.hibernate.orm.connections.pooling    : HHH10001005: Database info:
	Database JDBC URL [jdbc:mysql://mysql-2a6a52fb-arulravichandran95-472.i.aivencloud.com:17762/defaultdb?sslMode=REQUIRED&enabledTLSProtocols=TLSv1.2]
	Database driver: MySQL Connector/J
	Database dialect: MySQLDialect
	Database version: 8.0.35
	Default catalog/schema: defaultdb/undefined
	Autocommit mode: undefined/unknown
	Isolation level: REPEATABLE_READ [default REPEATABLE_READ]
	JDBC fetch size: none
	Pool: DatasourceConnectionProviderImpl
	Minimum pool size: undefined/unknown
	Maximum pool size: undefined/unknown
2026-01-20T09:16:02.663+05:30  INFO 19104 --- [           main] o.h.e.t.j.p.i.JtaPlatformInitiator       : HHH000489: No JTA platform available (set 'hibernate.transaction.jta.platform' to enable JTA platform integration)
2026-01-20T09:16:04.006+05:30  INFO 19104 --- [           main] j.LocalContainerEntityManagerFactoryBean : Initialized JPA EntityManagerFactory for persistence unit 'default'
2026-01-20T09:16:04.069+05:30  INFO 19104 --- [           main] o.s.d.j.r.query.QueryEnhancerFactories   : Hibernate is in classpath; If applicable, HQL parser will be used.
Twilio initialized successfully.
2026-01-20T09:16:04.330+05:30  INFO 19104 --- [           main] r$InitializeUserDetailsManagerConfigurer : Global AuthenticationManager configured with UserDetailsService bean with name customUserDetailsService
2026-01-20T09:16:04.668+05:30  INFO 19104 --- [           main] o.s.boot.tomcat.TomcatWebServer          : Tomcat started on port 8080 (http) with context path '/'
2026-01-20T09:16:04.672+05:30  INFO 19104 --- [           main] c.s.p.Procurement1Application            : Started Procurement1Application in 7.318 seconds (process running for 7.631)
2026-01-20T09:17:20.505+05:30  INFO 19104 --- [nio-8080-exec-1] o.a.c.c.C.[Tomcat].[localhost].[/]       : Initializing Spring DispatcherServlet 'dispatcherServlet'
2026-01-20T09:17:20.505+05:30  INFO 19104 --- [nio-8080-exec-1] o.s.web.servlet.DispatcherServlet        : Initializing Servlet 'dispatcherServlet'
2026-01-20T09:17:20.508+05:30  INFO 19104 --- [nio-8080-exec-1] o.s.web.servlet.DispatcherServlet        : Completed initialization in 1 ms
Hibernate: select u1_0.id,u1_0.password,u1_0.role,u1_0.username from users u1_0 where u1_0.username=?
Hibernate: insert into users (password,role,username) values (?,?,?)
Hibernate: select u1_0.id,u1_0.password,u1_0.role,u1_0.username from users u1_0 where u1_0.username=?
Hibernate: insert into procurement_requests (category,created_at,phone_number,price,product_name,quantity,rejection_reason,status,vendor_username) values (?,?,?,?,?,?,?,?,?)
========================================
 [SMS SERVICE] Request received for: 6380659339
 [SMS SERVICE] Auto-formatted to: +916380659339
 [SMS SERVICE] SMS sent successfully! SID: SM8f304dbc501ba8dd0d4098c26a9ca086
========================================
Hibernate: select pr1_0.id,pr1_0.category,pr1_0.created_at,pr1_0.phone_number,pr1_0.price,pr1_0.product_name,pr1_0.quantity,pr1_0.rejection_reason,pr1_0.status,pr1_0.vendor_username from procurement_requests pr1_0 where pr1_0.vendor_username=?
Hibernate: select pr1_0.id,pr1_0.category,pr1_0.created_at,pr1_0.phone_number,pr1_0.price,pr1_0.product_name,pr1_0.quantity,pr1_0.rejection_reason,pr1_0.status,pr1_0.vendor_username from procurement_requests pr1_0 where pr1_0.vendor_username=?
Hibernate: select pr1_0.id,pr1_0.category,pr1_0.created_at,pr1_0.phone_number,pr1_0.price,pr1_0.product_name,pr1_0.quantity,pr1_0.rejection_reason,pr1_0.status,pr1_0.vendor_username from procurement_requests pr1_0 where pr1_0.status=?
Hibernate: select pr1_0.id,pr1_0.category,pr1_0.created_at,pr1_0.phone_number,pr1_0.price,pr1_0.product_name,pr1_0.quantity,pr1_0.rejection_reason,pr1_0.status,pr1_0.vendor_username from procurement_requests pr1_0 where pr1_0.id=?
========================================
 [SMS SERVICE] Request received for: 6380659339
 [SMS SERVICE] Auto-formatted to: +916380659339
 [SMS SERVICE] SMS sent successfully! SID: SMcfa597826f1f8c18aeeb9ea630ac529a
========================================
Hibernate: select pr1_0.id,pr1_0.category,pr1_0.created_at,pr1_0.phone_number,pr1_0.price,pr1_0.product_name,pr1_0.quantity,pr1_0.rejection_reason,pr1_0.status,pr1_0.vendor_username from procurement_requests pr1_0 where pr1_0.id=?
Hibernate: update procurement_requests set category=?,created_at=?,phone_number=?,price=?,product_name=?,quantity=?,rejection_reason=?,status=?,vendor_username=? where id=?
Hibernate: select pr1_0.id,pr1_0.category,pr1_0.created_at,pr1_0.phone_number,pr1_0.price,pr1_0.product_name,pr1_0.quantity,pr1_0.rejection_reason,pr1_0.status,pr1_0.vendor_username from procurement_requests pr1_0 where pr1_0.status=?
Hibernate: select pr1_0.id,pr1_0.category,pr1_0.created_at,pr1_0.phone_number,pr1_0.price,pr1_0.product_name,pr1_0.quantity,pr1_0.rejection_reason,pr1_0.status,pr1_0.vendor_username from procurement_requests pr1_0 where pr1_0.status=?
Hibernate: select pr1_0.id,pr1_0.category,pr1_0.created_at,pr1_0.phone_number,pr1_0.price,pr1_0.product_name,pr1_0.quantity,pr1_0.rejection_reason,pr1_0.status,pr1_0.vendor_username from procurement_requests pr1_0 where pr1_0.status=?
Hibernate: select pr1_0.id,pr1_0.category,pr1_0.created_at,pr1_0.phone_number,pr1_0.price,pr1_0.product_name,pr1_0.quantity,pr1_0.rejection_reason,pr1_0.status,pr1_0.vendor_username from procurement_requests pr1_0 where pr1_0.status=?
Hibernate: select u1_0.id,u1_0.password,u1_0.role,u1_0.username from users u1_0 where u1_0.username=?
Hibernate: select u1_0.id,u1_0.password,u1_0.role,u1_0.username from users u1_0 where u1_0.username=?
Hibernate: insert into procurement_requests (category,created_at,phone_number,price,product_name,quantity,rejection_reason,status,vendor_username) values (?,?,?,?,?,?,?,?,?)
========================================
 [SMS SERVICE] Request received for: 6380659339
 [SMS SERVICE] Auto-formatted to: +916380659339
 [SMS SERVICE] SMS sent successfully! SID: SMb74f1d5332690612a9523b5552a642c4
========================================
Hibernate: select pr1_0.id,pr1_0.category,pr1_0.created_at,pr1_0.phone_number,pr1_0.price,pr1_0.product_name,pr1_0.quantity,pr1_0.rejection_reason,pr1_0.status,pr1_0.vendor_username from procurement_requests pr1_0 where pr1_0.vendor_username=?
Hibernate: select pr1_0.id,pr1_0.category,pr1_0.created_at,pr1_0.phone_number,pr1_0.price,pr1_0.product_name,pr1_0.quantity,pr1_0.rejection_reason,pr1_0.status,pr1_0.vendor_username from procurement_requests pr1_0 where pr1_0.status=?
Hibernate: select pr1_0.id,pr1_0.category,pr1_0.created_at,pr1_0.phone_number,pr1_0.price,pr1_0.product_name,pr1_0.quantity,pr1_0.rejection_reason,pr1_0.status,pr1_0.vendor_username from procurement_requests pr1_0 where pr1_0.id=?
Hibernate: select pr1_0.id,pr1_0.category,pr1_0.created_at,pr1_0.phone_number,pr1_0.price,pr1_0.product_name,pr1_0.quantity,pr1_0.rejection_reason,pr1_0.status,pr1_0.vendor_username from procurement_requests pr1_0 where pr1_0.id=?
Hibernate: update procurement_requests set category=?,created_at=?,phone_number=?,price=?,product_name=?,quantity=?,rejection_reason=?,status=?,vendor_username=? where id=?
Hibernate: select pr1_0.id,pr1_0.category,pr1_0.created_at,pr1_0.phone_number,pr1_0.price,pr1_0.product_name,pr1_0.quantity,pr1_0.rejection_reason,pr1_0.status,pr1_0.vendor_username from procurement_requests pr1_0 where pr1_0.status=?
Hibernate: select pr1_0.id,pr1_0.category,pr1_0.created_at,pr1_0.phone_number,pr1_0.price,pr1_0.product_name,pr1_0.quantity,pr1_0.rejection_reason,pr1_0.status,pr1_0.vendor_username from procurement_requests pr1_0 where pr1_0.status=?
^CTerminate batch job (Y/N)? 2026-01-20T09:23:38.861+05:30  INFO 19104 --- [ionShutdownHook] o.s.boot.tomcat.GracefulShutdown         : Commencing graceful shutdown. Waiting for active requests to complete
2026-01-20T09:23:38.870+05:30  INFO 19104 --- [tomcat-shutdown] o.s.boot.tomcat.GracefulShutdown         : Graceful shutdown complete
2026-01-20T09:23:38.875+05:30  INFO 19104 --- [ionShutdownHook] j.LocalContainerEntityManagerFactoryBean : Closing JPA EntityManagerFactory for persistence unit 'default'
2026-01-20T09:23:38.877+05:30  INFO 19104 --- [ionShutdownHook] com.zaxxer.hikari.HikariDataSource       : HikariPool-1 - Shutdown initiated...
2026-01-20T09:23:38.882+05:30  INFO 19104 --- [ionShutdownHook] com.zaxxer.hikari.HikariDataSource       : HikariPool-1 - Shutdown completed.
[INFO] ------------------------------------------------------------------------
[INFO] BUILD SUCCESS
[INFO] ------------------------------------------------------------------------
[INFO] Total time:  07:43 min
[INFO] Finished at: 2026-01-20T09:23:38+05:30
[INFO] ------------------------------------------------------------------------
