WARNING: A terminally deprecated method in sun.misc.Unsafe has been called
WARNING: sun.misc.Unsafe::staticFieldBase has been called by com.google.inject.internal.aop.HiddenClassDefiner (file:/C:/Users/arulr/.m2/wrapper/dists/apache-maven-3.9.11/03d7e36a140982eea48e22c1dcac01d8862b2550b2939e09a0809bbc5182a5bc/lib/guice-5.1.0-classes.jar)
WARNING: Please consider reporting this to the maintainers of class com.google.inject.internal.aop.HiddenClassDefiner
WARNING: sun.misc.Unsafe::staticFieldBase will be removed in a future release
[INFO] Scanning for projects...
[WARNING] 
[WARNING] Some problems were encountered while building the effective model for com.smart:procurement1:jar:0.0.1-SNAPSHOT
[WARNING] 'dependencies.dependency.(groupId:artifactId:type:classifier)' must be unique: org.projectlombok:lombok:jar -> version 1.18.42 vs (?) @ line 72, column 15
[WARNING] 
[WARNING] It is highly recommended to fix these problems because they threaten the stability of your build.
[WARNING] 
[WARNING] For this reason, future Maven versions might no longer support building such malformed projects.
[WARNING] 
[INFO] 
[INFO] -----------------------< com.smart:procurement1 >-----------------------
[INFO] Building procurement1 0.0.1-SNAPSHOT
[INFO]   from pom.xml
[INFO] --------------------------------[ jar ]---------------------------------
[INFO] 
[INFO] >>> spring-boot:4.0.0:run (default-cli) > test-compile @ procurement1 >>>
[INFO] 
[INFO] --- resources:3.3.1:resources (default-resources) @ procurement1 ---
[INFO] Copying 1 resource from src\main\resources to target\classes
[INFO] Copying 1 resource from src\main\resources to target\classes
[INFO] 
[INFO] --- compiler:3.14.1:compile (default-compile) @ procurement1 ---
[INFO] Nothing to compile - all classes are up to date.
[INFO] 
[INFO] --- resources:3.3.1:testResources (default-testResources) @ procurement1 ---
[INFO] skip non existing resourceDirectory D:\Smart_procurement\smart-backends\procurement1\src\test\resources
[INFO] 
[INFO] --- compiler:3.14.1:testCompile (default-testCompile) @ procurement1 ---
[INFO] Nothing to compile - all classes are up to date.
[INFO] 
[INFO] <<< spring-boot:4.0.0:run (default-cli) < test-compile @ procurement1 <<<
[INFO] 
[INFO] 
[INFO] --- spring-boot:4.0.0:run (default-cli) @ procurement1 ---
[INFO] Attaching agents: []

  .   ____          _            __ _ _
 /\\ / ___'_ __ _ _(_)_ __  __ _ \ \ \ \
( ( )\___ | '_ | '_| | '_ \/ _` | \ \ \ \
 \\/  ___)| |_)| | | | | || (_| |  ) ) ) )
  '  |____| .__|_| |_|_| |_\__, | / / / /
 =========|_|==============|___/=/_/_/_/

 :: Spring Boot ::                (v4.0.0)

2026-01-20T09:23:51.041+05:30  INFO 5596 --- [           main] c.s.p.Procurement1Application            : Starting Procurement1Application using Java 25.0.1 with PID 5596 (D:\Smart_procurement\smart-backends\procurement1\target\classes started by arulr in D:\Smart_procurement\smart-backends\procurement1)
2026-01-20T09:23:51.043+05:30  INFO 5596 --- [           main] c.s.p.Procurement1Application            : No active profile set, falling back to 1 default profile: "default"
2026-01-20T09:23:51.490+05:30  INFO 5596 --- [           main] .s.d.r.c.RepositoryConfigurationDelegate : Bootstrapping Spring Data JPA repositories in DEFAULT mode.
2026-01-20T09:23:51.538+05:30  INFO 5596 --- [           main] .s.d.r.c.RepositoryConfigurationDelegate : Finished Spring Data repository scanning in 41 ms. Found 3 JPA repository interfaces.
2026-01-20T09:23:51.949+05:30  INFO 5596 --- [           main] o.s.boot.tomcat.TomcatWebServer          : Tomcat initialized with port 8080 (http)
2026-01-20T09:23:51.959+05:30  INFO 5596 --- [           main] o.apache.catalina.core.StandardService   : Starting service [Tomcat]
2026-01-20T09:23:51.960+05:30  INFO 5596 --- [           main] o.apache.catalina.core.StandardEngine    : Starting Servlet engine: [Apache Tomcat/11.0.14]
2026-01-20T09:23:52.015+05:30  INFO 5596 --- [           main] b.w.c.s.WebApplicationContextInitializer : Root WebApplicationContext: initialization completed in 939 ms
2026-01-20T09:23:52.144+05:30  INFO 5596 --- [           main] o.hibernate.jpa.internal.util.LogHelper  : HHH000204: Processing PersistenceUnitInfo [name: default]
2026-01-20T09:23:52.173+05:30  INFO 5596 --- [           main] org.hibernate.Version                    : HHH000412: Hibernate ORM core version 7.1.8.Final
2026-01-20T09:23:52.481+05:30  INFO 5596 --- [           main] o.s.o.j.p.SpringPersistenceUnitInfo      : No LoadTimeWeaver setup: ignoring JPA class transformer
2026-01-20T09:23:52.503+05:30  INFO 5596 --- [           main] com.zaxxer.hikari.HikariDataSource       : HikariPool-1 - Starting...
2026-01-20T09:23:57.167+05:30  INFO 5596 --- [           main] com.zaxxer.hikari.pool.HikariPool        : HikariPool-1 - Added connection com.mysql.cj.jdbc.ConnectionImpl@194e78af
2026-01-20T09:23:57.171+05:30  INFO 5596 --- [           main] com.zaxxer.hikari.HikariDataSource       : HikariPool-1 - Start completed.
2026-01-20T09:23:57.395+05:30  WARN 5596 --- [           main] org.hibernate.orm.deprecation            : HHH90000025: MySQLDialect does not need to be specified explicitly using 'hibernate.dialect' (remove the property setting and it will be selected by default)
2026-01-20T09:23:57.550+05:30  INFO 5596 --- [           main] org.hibernate.orm.connections.pooling    : HHH10001005: Database info:
	Database JDBC URL [jdbc:mysql://mysql-2a6a52fb-arulravichandran95-472.i.aivencloud.com:17762/defaultdb?sslMode=REQUIRED&enabledTLSProtocols=TLSv1.2]
	Database driver: MySQL Connector/J
	Database dialect: MySQLDialect
	Database version: 8.0.35
	Default catalog/schema: defaultdb/undefined
	Autocommit mode: undefined/unknown
	Isolation level: REPEATABLE_READ [default REPEATABLE_READ]
	JDBC fetch size: none
	Pool: DatasourceConnectionProviderImpl
	Minimum pool size: undefined/unknown
	Maximum pool size: undefined/unknown
2026-01-20T09:23:58.213+05:30  INFO 5596 --- [           main] o.h.e.t.j.p.i.JtaPlatformInitiator       : HHH000489: No JTA platform available (set 'hibernate.transaction.jta.platform' to enable JTA platform integration)
2026-01-20T09:23:58.718+05:30  INFO 5596 --- [           main] j.LocalContainerEntityManagerFactoryBean : Initialized JPA EntityManagerFactory for persistence unit 'default'
2026-01-20T09:23:58.785+05:30  INFO 5596 --- [           main] o.s.d.j.r.query.QueryEnhancerFactories   : Hibernate is in classpath; If applicable, HQL parser will be used.
Twilio initialized successfully.
2026-01-20T09:23:59.038+05:30  INFO 5596 --- [           main] r$InitializeUserDetailsManagerConfigurer : Global AuthenticationManager configured with UserDetailsService bean with name customUserDetailsService
2026-01-20T09:23:59.359+05:30  INFO 5596 --- [           main] o.s.boot.tomcat.TomcatWebServer          : Tomcat started on port 8080 (http) with context path '/'
2026-01-20T09:23:59.363+05:30  INFO 5596 --- [           main] c.s.p.Procurement1Application            : Started Procurement1Application in 8.607 seconds (process running for 8.877)
2026-01-20T09:24:21.748+05:30  INFO 5596 --- [nio-8080-exec-1] o.a.c.c.C.[Tomcat].[localhost].[/]       : Initializing Spring DispatcherServlet 'dispatcherServlet'
2026-01-20T09:24:21.748+05:30  INFO 5596 --- [nio-8080-exec-1] o.s.web.servlet.DispatcherServlet        : Initializing Servlet 'dispatcherServlet'
2026-01-20T09:24:21.751+05:30  INFO 5596 --- [nio-8080-exec-1] o.s.web.servlet.DispatcherServlet        : Completed initialization in 2 ms
Hibernate: select pr1_0.id,pr1_0.category,pr1_0.created_at,pr1_0.phone_number,pr1_0.price,pr1_0.product_name,pr1_0.quantity,pr1_0.rejection_reason,pr1_0.status,pr1_0.vendor_username from procurement_requests pr1_0 where pr1_0.status=?
Hibernate: select pr1_0.id,pr1_0.category,pr1_0.created_at,pr1_0.phone_number,pr1_0.price,pr1_0.product_name,pr1_0.quantity,pr1_0.rejection_reason,pr1_0.status,pr1_0.vendor_username from procurement_requests pr1_0 where pr1_0.id=?
Hibernate: select pr1_0.id,pr1_0.category,pr1_0.created_at,pr1_0.phone_number,pr1_0.price,pr1_0.product_name,pr1_0.quantity,pr1_0.rejection_reason,pr1_0.status,pr1_0.vendor_username from procurement_requests pr1_0 where pr1_0.id=?
Hibernate: update procurement_requests set category=?,created_at=?,phone_number=?,price=?,product_name=?,quantity=?,rejection_reason=?,status=?,vendor_username=? where id=?
Hibernate: select pr1_0.id,pr1_0.category,pr1_0.created_at,pr1_0.phone_number,pr1_0.price,pr1_0.product_name,pr1_0.quantity,pr1_0.rejection_reason,pr1_0.status,pr1_0.vendor_username from procurement_requests pr1_0 where pr1_0.status=?
Hibernate: select pr1_0.id,pr1_0.category,pr1_0.created_at,pr1_0.phone_number,pr1_0.price,pr1_0.product_name,pr1_0.quantity,pr1_0.rejection_reason,pr1_0.status,pr1_0.vendor_username from procurement_requests pr1_0 where pr1_0.status=?
Hibernate: select u1_0.id,u1_0.password,u1_0.role,u1_0.username from users u1_0 where u1_0.username=?
Hibernate: select u1_0.id,u1_0.password,u1_0.role,u1_0.username from users u1_0 where u1_0.username=?
Hibernate: select u1_0.id,u1_0.password,u1_0.role,u1_0.username from users u1_0 where u1_0.username=?
Hibernate: insert into procurement_requests (category,created_at,phone_number,price,product_name,quantity,rejection_reason,status,vendor_username) values (?,?,?,?,?,?,?,?,?)
========================================
 [SMS SERVICE] Request received for: 6380659339
 [SMS SERVICE] Auto-formatted to: +916380659339
 [SMS SERVICE] SMS sent successfully! SID: SMa6ba2bb3eafcf3a91b7ec8931dda4019
========================================
Hibernate: select pr1_0.id,pr1_0.category,pr1_0.created_at,pr1_0.phone_number,pr1_0.price,pr1_0.product_name,pr1_0.quantity,pr1_0.rejection_reason,pr1_0.status,pr1_0.vendor_username from procurement_requests pr1_0 where pr1_0.vendor_username=?
Hibernate: select pr1_0.id,pr1_0.category,pr1_0.created_at,pr1_0.phone_number,pr1_0.price,pr1_0.product_name,pr1_0.quantity,pr1_0.rejection_reason,pr1_0.status,pr1_0.vendor_username from procurement_requests pr1_0 where pr1_0.vendor_username=?
Hibernate: select pr1_0.id,pr1_0.category,pr1_0.created_at,pr1_0.phone_number,pr1_0.price,pr1_0.product_name,pr1_0.quantity,pr1_0.rejection_reason,pr1_0.status,pr1_0.vendor_username from procurement_requests pr1_0 where pr1_0.status=?
Hibernate: select pr1_0.id,pr1_0.category,pr1_0.created_at,pr1_0.phone_number,pr1_0.price,pr1_0.product_name,pr1_0.quantity,pr1_0.rejection_reason,pr1_0.status,pr1_0.vendor_username from procurement_requests pr1_0 where pr1_0.id=?
========================================
 [SMS SERVICE] Request received for: 6380659339
 [SMS SERVICE] Auto-formatted to: +916380659339
 [SMS SERVICE] SMS sent successfully! SID: SMf85eb971426526a1a6354823df07a70a
========================================
Hibernate: select pr1_0.id,pr1_0.category,pr1_0.created_at,pr1_0.phone_number,pr1_0.price,pr1_0.product_name,pr1_0.quantity,pr1_0.rejection_reason,pr1_0.status,pr1_0.vendor_username from procurement_requests pr1_0 where pr1_0.id=?
Hibernate: update procurement_requests set category=?,created_at=?,phone_number=?,price=?,product_name=?,quantity=?,rejection_reason=?,status=?,vendor_username=? where id=?
Hibernate: select pr1_0.id,pr1_0.category,pr1_0.created_at,pr1_0.phone_number,pr1_0.price,pr1_0.product_name,pr1_0.quantity,pr1_0.rejection_reason,pr1_0.status,pr1_0.vendor_username from procurement_requests pr1_0 where pr1_0.status=?
Hibernate: select pr1_0.id,pr1_0.category,pr1_0.created_at,pr1_0.phone_number,pr1_0.price,pr1_0.product_name,pr1_0.quantity,pr1_0.rejection_reason,pr1_0.status,pr1_0.vendor_username from procurement_requests pr1_0 where pr1_0.status=?
2026-01-20T10:22:53.183+05:30  WARN 5596 --- [l-1:housekeeper] com.zaxxer.hikari.pool.PoolBase          : HikariPool-1 - Failed to validate connection com.mysql.cj.jdbc.ConnectionImpl@34328e1d (No operations allowed after connection closed.). Possibly consider using a shorter maxLifetime value.
